c:\users\user\source\repos\oop_lab3\oop_lab3\debug\vc141.pdb
c:\users\user\source\repos\oop_lab3\oop_lab3\debug\vc141.idb
c:\users\user\source\repos\oop_lab3\oop_lab3\debug\main.obj
c:\users\user\source\repos\oop_lab3\oop_lab3\debug\rectangle.obj
c:\users\user\source\repos\oop_lab3\oop_lab3\debug\rhombus.obj
c:\users\user\source\repos\oop_lab3\oop_lab3\debug\trapeze.obj
c:\users\user\source\repos\oop_lab3\oop_lab3\debug\item.obj
c:\users\user\source\repos\oop_lab3\oop_lab3\debug\stack.obj
c:\users\user\source\repos\oop_lab3\debug\oop_lab3.exe
c:\users\user\source\repos\oop_lab3\debug\oop_lab3.ilk
c:\users\user\source\repos\oop_lab3\debug\oop_lab3.pdb
c:\users\user\desktop\оопята\lab3\oop_lab3\debug\item.obj
c:\users\user\desktop\оопята\lab3\oop_lab3\debug\main.obj
c:\users\user\desktop\оопята\lab3\oop_lab3\debug\rectangle.obj
c:\users\user\desktop\оопята\lab3\oop_lab3\debug\rhombus.obj
c:\users\user\desktop\оопята\lab3\oop_lab3\debug\stack.obj
c:\users\user\desktop\оопята\lab3\oop_lab3\debug\trapeze.obj
c:\users\user\desktop\оопята\lab3\oop_lab3\debug\vc141.idb
c:\users\user\desktop\оопята\lab3\oop_lab3\debug\vc141.pdb
c:\users\user\desktop\оопята\lab3\debug\oop_lab3.pdb
c:\users\user\desktop\оопята\lab3\debug\oop_lab3.exe
c:\users\user\desktop\оопята\lab3\debug\oop_lab3.ilk
c:\users\user\desktop\оопята\lab3\oop_lab3\debug\oop_lab3.tlog\cl.command.1.tlog
c:\users\user\desktop\оопята\lab3\oop_lab3\debug\oop_lab3.tlog\cl.read.1.tlog
c:\users\user\desktop\оопята\lab3\oop_lab3\debug\oop_lab3.tlog\cl.write.1.tlog
c:\users\user\desktop\оопята\lab3\oop_lab3\debug\oop_lab3.tlog\link.command.1.tlog
c:\users\user\desktop\оопята\lab3\oop_lab3\debug\oop_lab3.tlog\link.read.1.tlog
c:\users\user\desktop\оопята\lab3\oop_lab3\debug\oop_lab3.tlog\link.write.1.tlog
