c:\users\user\source\repos\lab9\lab9\debug\vc141.pdb
c:\users\user\source\repos\lab9\lab9\debug\vc141.idb
c:\users\user\source\repos\lab9\lab9\debug\item.obj
c:\users\user\source\repos\lab9\lab9\debug\iterator.obj
c:\users\user\source\repos\lab9\lab9\debug\lqueue.obj
c:\users\user\source\repos\lab9\lab9\debug\main.obj
c:\users\user\source\repos\lab9\lab9\debug\mem_alloc.obj
c:\users\user\source\repos\lab9\lab9\debug\rectangle.obj
c:\users\user\source\repos\lab9\lab9\debug\rhombus.obj
c:\users\user\source\repos\lab9\lab9\debug\stack.obj
c:\users\user\source\repos\lab9\lab9\debug\trapeze.obj
c:\users\user\source\repos\lab9\debug\lab9.exe
c:\users\user\source\repos\lab9\debug\lab9.ilk
c:\users\user\source\repos\lab9\debug\lab9.pdb
c:\users\user\source\repos\lab9\lab9\debug\lab9.tlog\cl.command.1.tlog
c:\users\user\source\repos\lab9\lab9\debug\lab9.tlog\cl.read.1.tlog
c:\users\user\source\repos\lab9\lab9\debug\lab9.tlog\cl.write.1.tlog
c:\users\user\source\repos\lab9\lab9\debug\lab9.tlog\link.command.1.tlog
c:\users\user\source\repos\lab9\lab9\debug\lab9.tlog\link.read.1.tlog
c:\users\user\source\repos\lab9\lab9\debug\lab9.tlog\link.write.1.tlog
